
ROM used:   213/8192 (3%)
            213/8192 (3%) including unused fragments

            0.2 Average locations per line
            10.1 Average locations per statement

RAM used:   267/1024 (26%) at main() level
            282/1024 (28%) worst case

Stack used: 0 worst case (0 in main + 0 for interrupts)
Stack size: 16

Lines Stmts  %   Files
----- ----- ---  -----
   53    21 100  main.c
   11     0   0  main.h
  967     0   0  C:\Program Files\PICC\devices\16F1825.h
----- -----
 1031    21 Total

Page ROM  %  RAM    Vol Diff  Functions:
---- --- --- ---    --- ----  ----------
0     21  10    1             @delay_ms1
 Inline         1     86  1.6  @I2C_WRITE_1
0     98  46    4    417  6.6  ssp_interrupt
0     62  29    0    127  1.7  MAIN
 Inline         0             @cinit1

Program metrics:
    Functions               3
    Statements              21
    Comments                170
    Volume (V)              810
    Difficulty (D)          9.6
    Effort to implement (E) 7738
    Time to implement (T)   7 minutes
    Est Delivered Bugs (B)  0
    Cyclomatic Complexity   5
    Maintainability (MI)    71

 Segment     Used  Free
-----------  ----  ----
00000-00002     3  0  
00003-00003     0  1  
00004-00020    29  0  
00021-007FF   181  1834  
00800-00FFF     0  2048  
01000-017FF     0  2048  
01800-01FFF     0  2048  



