
ROM used:   608/8192 (7%)
            608/8192 (7%) including unused fragments

            0.6 Average locations per line
            17.9 Average locations per statement

RAM used:   10/1024 (1%) at main() level
            27/1024 (3%) worst case

Stack used: 0 worst case (0 in main + 0 for interrupts)
Stack size: 16

Lines Stmts  %   Files
----- ----- ---  -----
   32    11  32  main.c
   11     0   0  main.h
  967     0   0  C:\Program Files\PICC\devices\16F1825.h
   88    23  68  C:\Program Files\PICC\drivers\2404.C
----- -----
 1098    34 Total

Page ROM  %  RAM    Vol Diff  Functions:
---- --- --- ---    --- ----  ----------
0     21   3    1             @delay_ms1
 Inline         4             @I2C_READ_2
0     74  12    1             @I2C_WRITE_2
0      6   1    0     32  1.0  init_ext_eeprom
 Inline         1     84  2.4  ext_eeprom_ready
0    255  42    4    336  5.2  read_ext_eeprom
0    106  17    5    313  3.3  MAIN
0      7   1    0             @const678
0     87  14    6             @PSTRINGCN7_115200_116_117
0     40   7    2             @PRINTF_X_115200_116_117
0      9   1    0             @MEMSET
 Inline         0             @cinit1

Program metrics:
    Functions               4
    Statements              34
    Comments                203
    Volume (V)              1050
    Difficulty (D)          10.9
    Effort to implement (E) 11427
    Time to implement (T)   11 minutes
    Est Delivered Bugs (B)  0
    Cyclomatic Complexity   1
    Maintainability (MI)    57

 Segment     Used  Free
-----------  ----  ----
00000-00002     3  0  
00003-007FF   605  1440  
00800-00FFF     0  2048  
01000-017FF     0  2048  
01800-01FFF     0  2048  



